pgf95 -c -module build -Ibuild -acc -Minfo=acc -g bl_types.f90 -o build/bl_types.o
pgf95 -c -module build -Ibuild -acc -Minfo=acc -g bl_constants.f90 -o build/bl_constants.o
pgf95 -c -module build -Ibuild -acc -Minfo=acc -g vddot.f -o build/vddot.o
vddot:
      1, Generating acc routine seq
     29, Loop is parallelizable
     44, Loop is parallelizable
     49, Loop is parallelizable
pgf95 -c -module build -Ibuild -acc -Minfo=acc -g idamax.f -o build/idamax.o
idamax:
      1, Generating acc routine seq
     37, Scalar last value needed after loop for idamax at line 54
         Loop carried scalar dependence for dmax at line 38
     48, Scalar last value needed after loop for idamax at line 54
         Loop carried scalar dependence for dmax at line 49
pgf95 -c -module build -Ibuild -acc -Minfo=acc -g dscal.f -o build/dscal.o
dscal:
      1, Generating acc routine seq
     33, Loop is parallelizable
     45, Loop is parallelizable
     50, Loop is parallelizable
pgf95 -c -module build -Ibuild -acc -Minfo=acc -g daxpy.f90 -o build/daxpy.o
daxpy:
      4, Generating acc routine seq
     12, Loop is parallelizable
     18, Loop is parallelizable
pgf95 -c -module build -Ibuild -acc -Minfo=acc -g dgefa.f -o build/dgefa.o
dgefa:
      1, Generating acc routine seq
pgf95 -c -module build -Ibuild -acc -Minfo=acc -g dgesl.f -o build/dgesl.o
dgesl:
      1, Generating acc routine seq
pgf95 -c -module build -Ibuild -acc -Minfo=acc -g bdf.f90 -o build/bdf.o
f_rhs_vec:
     26, Generating acc routine seq
jac_vec:
     39, Generating acc routine seq
bdf_advance:
    162, Generating acc routine seq
    197, Complex loop carried dependence of ts%y$p,ts%z0$p prevents parallelization
    198, Complex loop carried dependence of ts%y$p,ts%z0$p prevents parallelization
    227, Loop is parallelizable
bdf_update:
    252, Generating acc routine seq
    259, Loop is parallelizable
    271, Loop is parallelizable
    276, Loop is parallelizable
    305, Loop is parallelizable
bdf_predict:
    316, Generating acc routine seq
    320, Loop is parallelizable
    321, Complex loop carried dependence of ts%z0$p prevents parallelization
         Loop carried dependence of ts%a$p prevents parallelization
         Loop carried backward dependence of ts%a$p prevents vectorization
         Complex loop carried dependence of ts%a$p prevents parallelization
    322, Loop is parallelizable
    323, Complex loop carried dependence of ts%a$p prevents parallelization
         Loop carried dependence of ts%z$p prevents parallelization
         Loop carried backward dependence of ts%z$p prevents vectorization
         Loop carried reuse of ts%z0$p prevents parallelization
         Complex loop carried dependence of ts%z0$p prevents parallelization
    324, Complex loop carried dependence of ts%a$p,ts%z0$p prevents parallelization
bdf_solve:
    342, Generating acc routine seq
    374, Loop is parallelizable
    375, Complex loop carried dependence of ts%e$p,ts%z0$p prevents parallelization
         Loop carried dependence of ts%z0$p prevents parallelization
         Loop carried backward dependence of ts%z0$p prevents vectorization
         Complex loop carried dependence of ts%rhs$p prevents parallelization
         Loop carried dependence of ts%rhs$p prevents parallelization
         Loop carried backward dependence of ts%rhs$p prevents vectorization
         Loop carried dependence of ts%y$p prevents parallelization
         Loop carried backward dependence of ts%y$p prevents vectorization
    387, Loop is parallelizable
    389, Scalar last value needed after loop for ts at line 448
    405, Scalar last value needed after loop for ts at line 431
         Scalar last value needed after loop for ts at line 438
         Scalar last value needed after loop for ts at line 439
         Scalar last value needed after loop for ts at line 430
         Scalar last value needed after loop for ts at line 435
         Scalar last value needed after loop for ts at line 437
         Scalar last value needed after loop for ts at line 441
         Scalar last value needed after loop for ts at line 392
         Scalar last value needed after loop for ts at line 394
         Scalar last value needed after loop for ts at line 395
         Scalar last value needed after loop for ts at line 398
         Scalar last value needed after loop for ts at line 399
         Scalar last value needed after loop for ts at line 403
         Scalar last value needed after loop for ts at line 405
         Scalar last value needed after loop for ts at line 421
         Scalar last value needed after loop for ts at line 423
         Scalar last value needed after loop for ts at line 424
         Scalar last value needed after loop for ts at line 426
         Scalar last value needed after loop for ts at line 448
         Unknown scalar last value needed after loop at line 449
    406, Scalar last value needed after loop for ts at line 406
         Scalar last value needed after loop for ts at line 431
         Scalar last value needed after loop for ts at line 438
         Scalar last value needed after loop for ts at line 439
         Scalar last value needed after loop for ts at line 430
         Scalar last value needed after loop for ts at line 435
         Scalar last value needed after loop for ts at line 437
         Scalar last value needed after loop for ts at line 441
         Scalar last value needed after loop for ts at line 392
         Scalar last value needed after loop for ts at line 394
         Scalar last value needed after loop for ts at line 395
         Scalar last value needed after loop for ts at line 398
         Scalar last value needed after loop for ts at line 399
         Scalar last value needed after loop for ts at line 403
         Scalar last value needed after loop for ts at line 405
         Scalar last value needed after loop for ts at line 421
         Scalar last value needed after loop for ts at line 423
         Scalar last value needed after loop for ts at line 424
         Scalar last value needed after loop for ts at line 426
         Scalar last value needed after loop for ts at line 448
         Unknown scalar last value needed after loop at line 449
    407, Scalar last value needed after loop for ts at line 407
         Scalar last value needed after loop for ts at line 406
         Scalar last value needed after loop for ts at line 431
         Scalar last value needed after loop for ts at line 438
         Scalar last value needed after loop for ts at line 439
         Scalar last value needed after loop for ts at line 430
         Scalar last value needed after loop for ts at line 435
         Scalar last value needed after loop for ts at line 437
         Scalar last value needed after loop for ts at line 441
         Scalar last value needed after loop for ts at line 392
         Scalar last value needed after loop for ts at line 394
         Scalar last value needed after loop for ts at line 395
         Scalar last value needed after loop for ts at line 398
         Scalar last value needed after loop for ts at line 399
         Scalar last value needed after loop for ts at line 403
         Scalar last value needed after loop for ts at line 405
         Scalar last value needed after loop for ts at line 421
         Scalar last value needed after loop for ts at line 423
         Scalar last value needed after loop for ts at line 424
         Scalar last value needed after loop for ts at line 426
         Scalar last value needed after loop for ts at line 448
         Unknown scalar last value needed after loop at line 449
    426, Scalar last value needed after loop for ts at line 408
         Scalar last value needed after loop for ts at line 411
         Scalar last value needed after loop for ts at line 407
         Scalar last value needed after loop for ts at line 406
         Scalar last value needed after loop for ts at line 392
         Scalar last value needed after loop for ts at line 394
         Scalar last value needed after loop for ts at line 395
         Scalar last value needed after loop for ts at line 398
         Scalar last value needed after loop for ts at line 399
         Scalar last value needed after loop for ts at line 403
         Scalar last value needed after loop for ts at line 405
         Scalar last value needed after loop for ts at line 421
         Scalar last value needed after loop for ts at line 423
         Scalar last value needed after loop for ts at line 424
         Scalar last value needed after loop for ts at line 426
         Scalar last value needed after loop for ts at line 448
         Unknown scalar last value needed after loop at line 449
         Loop carried dependence due to exposed use of b$sd3(:),ewt$sd4(:) prevents parallelization
         Complex loop carried dependence of ts%b$p,ts%e$p prevents parallelization
         Loop carried dependence of ts%z0$p prevents parallelization
         Loop carried backward dependence of ts%z0$p prevents vectorization
         Complex loop carried dependence of ts%z0$p,ts%y$p prevents parallelization
    437, Complex loop carried dependence of ts%e$p,ts%z0$p,ts%y$p prevents parallelization
    444, Scalar last value needed after loop for iterating$r at line 444
bdf_check:
    454, Generating acc routine seq
    481, Scalar last value needed after loop for error at line 484
bdf_correct:
    499, Generating acc routine seq
    505, Loop is parallelizable
    506, Complex loop carried dependence of ts%l$p,ts%e$p,ts%z$p prevents parallelization
    507, Complex loop carried dependence of ts%l$p,ts%e$p,ts%z$p prevents parallelization
    515, Loop is parallelizable
bdf_adjust:
    539, Generating acc routine seq
    548, Loop carried scalar dependence for e$a at line 560
         Scalar last value needed after loop for ts at line 605
         Scalar last value needed after loop for ts at line 604
         Scalar last value needed after loop for ts at line 585
         Scalar last value needed after loop for ts at line 594
         Scalar last value needed after loop for ts at line 595
         Scalar last value needed after loop for ts at line 603
         Scalar last value needed after loop for ts at line 608
         Unknown scalar last value needed after loop at line 610
    550, Loop is parallelizable
    560, Parallelization would require privatization of array e$a(:)
    603, Loop is parallelizable
    604, Loop is parallelizable
bdf_reset:
    615, Generating acc routine seq
    641, Loop is parallelizable
    642, Loop is parallelizable
    650, Loop is parallelizable
    657, Loop is parallelizable
         Complex loop carried dependence of ts%y$p prevents parallelization
         Loop carried dependence of ts%z$p prevents parallelization
         Loop carried backward dependence of ts%z$p prevents vectorization
    658, Loop is parallelizable
         Complex loop carried dependence of ts%yd$p prevents parallelization
         Loop carried dependence of ts%z$p prevents parallelization
         Loop carried backward dependence of ts%z$p prevents vectorization
rescale_timestep:
    679, Generating acc routine seq
    702, Loop is parallelizable
    703, Loop is parallelizable
decrease_order:
    710, Generating acc routine seq
    717, Loop is parallelizable
    722, Loop is parallelizable
    727, Loop carried scalar dependence for z$f at line 728
    728, Parallelization requires privatization of z$f as well as last value
         Loop is parallelizable
         Loop carried reuse of ts%z$p prevents parallelization
    732, Loop is parallelizable
increase_order:
    739, Generating acc routine seq
    745, Loop is parallelizable
    750, Loop is parallelizable
    755, Loop is parallelizable
    757, Complex loop carried dependence of ts%e$p,ts%z$p prevents parallelization
alpha0:
    766, Generating acc routine seq
    772, Loop is parallelizable
alphahat0:
    780, Generating acc routine seq
    787, Loop is parallelizable
    788, Loop is parallelizable
xi_star_inv:
    798, Generating acc routine seq
    806, Loop carried scalar dependence for hs at line 807
xi_j:
    815, Generating acc routine seq
    820, Loop is parallelizable
ewts:
    826, Generating acc routine seq
    830, Loop is parallelizable
    831, Complex loop carried dependence of ts%rtol$p,ts%atol$p prevents parallelization
         Loop carried dependence of ts%ewt$p prevents parallelization
         Loop carried backward dependence of ts%ewt$p prevents vectorization
norm:
    848, Generating acc routine seq
    855, Loop is parallelizable
eye_r:
    944, Generating acc routine seq
    948, Loop is parallelizable
    949, Loop is parallelizable
    950, Loop is parallelizable
factorial:
    961, Generating acc routine seq
eoshift_local:
    977, Generating acc routine seq
    988, Loop is parallelizable
    993, Loop is parallelizable
    997, Loop is parallelizable
minloc:
   1009, Generating acc routine seq
   1019, Loop carried scalar dependence for cur_min at line 1020
         Scalar last value needed after loop for ret at line 1025
pgf95 -module build -Ibuild -acc -Minfo=acc -g t1.f90 build/bl_types.o build/bl_constants.o build/vddot.o build/idamax.o build/dscal.o build/daxpy.o build/dgefa.o build/dgesl.o build/bdf.o -o t1.exe
t1.f90:
nvlink error   : Undefined reference to 'cudaMalloc' in 'build/bdf.o'
nvlink error   : Undefined reference to 'cudaFree' in 'build/bdf.o'
pgacclnk: child process exit status 2: /opt/pgi/linux86-64/15.10/bin/pgnvd
Makefile:13: recipe for target 't1.exe' failed
make: *** [t1.exe] Error 2
rm build/idamax.o build/bdf.o build/dgefa.o build/bl_types.o build/vddot.o build/dgesl.o build/daxpy.o build/bl_constants.o build/dscal.o
